4.0767 	EXP 	KidFlanker: status = NOT_STARTED
4.0776 	INFO 	Loaded monitor calibration from ['2024_10_21 13:15']
4.0801 	INFO 	Loaded monitor calibration from ['2024_10_21 13:15']
4.0822 	WARNING 	Requested an unavailable screen number - using first available.
4.0839 	WARNING 	User requested fullscreen with size [1024  768], but screen is actually [1920, 1200]. Using actual size
4.7900 	EXP 	Created window1 = Window(allowGUI=True, allowStencil=False, autoLog=True, backendConf=UNKNOWN, backgroundFit=<method-wrapper '__getattribute__' of attributeSetter object at 0x000002625D43AD60>, backgroundImage=<method-wrapper '__getattribute__' of attributeSetter object at 0x000002625D43AD00>, bitsMode=UNKNOWN, blendMode='avg', bpc=(8, 8, 8), color=array([-1, -1, -1]), colorSpace='rgb', depthBits=8, fullscr=<method-wrapper '__getattribute__' of attributeSetter object at 0x000002625D43AB50>, gamma=None, gammaErrorPolicy='raise', infoMsg=UNKNOWN, lms=UNKNOWN, monitor=<psychopy.monitors.calibTools.Monitor object at 0x000002625D62F1C0>, multiSample=False, name='window1', numSamples=2, pos=(0, 0), screen=1, size=array([1920, 1200]), stencilBits=0, stereo=False, title='PsychoPy', units='height', useFBO=True, useRetina=False, viewOri=0.0, viewPos=None, viewScale=None, waitBlanking=True, winType='pyglet')
4.7900 	EXP 	window1: backgroundImage = None
4.7900 	EXP 	window1: backgroundFit = 'cover'
4.7901 	EXP 	window1: mouseVisible = False
4.7909 	EXP 	Preloaded image images/rrlrr.png
4.7914 	EXP 	Preloaded image images/llrll.png
4.7919 	EXP 	Preloaded image images/lllll.png
4.7923 	EXP 	Preloaded image images/rrrrr.png
4.7927 	EXP 	Created sequence: sequential, trialTypes=5, nReps=1, seed=None
5.0130 	EXP 	Created sequence: sequential, trialTypes=20, nReps=1, seed=None
5.0138 	EXP 	Created sequence: sequential, trialTypes=20, nReps=1, seed=None
5.0146 	EXP 	Created sequence: sequential, trialTypes=20, nReps=1, seed=None
5.0151 	EXP 	window1: mouseVisible = False
5.0176 	EXP 	Created trial_image = ImageStim(__class__=<class 'psychopy.visual.image.ImageStim'>, anchor=('center', 'center'), autoLog=True, color=array([1., 1., 1.]), colorSpace='rgb', contrast=1.0, depth=-1.0, draggable=False, flipHoriz=False, flipVert=False, image='sin', interpolate=True, mask=None, maskParams=None, name='trial_image', opacity=1, ori=0.0, pos=array([0., 0.]), size=array([1., 1.]), texRes=128.0, units='height', win=Window(...))
5.0176 	EXP 	window1: mouseVisible = False
5.0185 	EXP 	Created unnamed Rect = Rect(__class__=<class 'psychopy.visual.rect.Rect'>, anchor=('center', 'center'), autoDraw=False, autoLog=True, closeShape=True, color=method-wrapper(...), colorSpace='rgb', contrast=None, depth=0, draggable=False, fillColor=array([1, 1, 1]), fillColorSpace='rgb', fillRGB=array([1, 1, 1]), interpolate=True, lineColor=array([0., 0., 0.]), lineColorSpace='rgb', lineRGB=array([0, 0, 0]), lineWidth=1.5, name='unnamed Rect', opacity=1, ori=0.0, pos=array([ 0.75, -0.45]), size=array([0.1, 0.1]), units='height', vertices=ndarray(...), win=Window(...))
5.0186 	EXP 	window1: mouseVisible = False
5.0517 	EXP 	Created feedback_text = TextStim(__class__=<class 'psychopy.visual.text.TextStim'>, alignHoriz=method-wrapper(...), alignText='center', alignVert=method-wrapper(...), anchorHoriz='center', anchorVert='center', antialias=True, autoDraw=False, autoLog=True, bold=False, color=array([-1.        ,  0.00392157, -1.        ]), colorSpace='rgb', contrast=1.0, depth=-4.0, draggable=False, flipHoriz=False, flipVert=False, font='Open Sans', fontFiles=[], height=0.05, italic=False, languageStyle='LTR', name='feedback_text', opacity=1.0, ori=0.0, pos=array([0., 0.]), rgb=UNKNOWN, text='Correct!', units='height', win=Window(...), wrapWidth=1)
5.0517 	EXP 	window1: mouseVisible = False
5.0541 	EXP 	Created feedback_text = TextStim(__class__=<class 'psychopy.visual.text.TextStim'>, alignHoriz=method-wrapper(...), alignText='center', alignVert=method-wrapper(...), anchorHoriz='center', anchorVert='center', antialias=True, autoDraw=False, autoLog=True, bold=False, color=array([ 1., -1., -1.]), colorSpace='rgb', contrast=1.0, depth=-4.0, draggable=False, flipHoriz=False, flipVert=False, font='Open Sans', fontFiles=[], height=0.05, italic=False, languageStyle='LTR', name='feedback_text', opacity=1.0, ori=0.0, pos=array([0., 0.]), rgb=UNKNOWN, text='Incorrect', units='height', win=Window(...), wrapWidth=1)
5.0542 	EXP 	window1: mouseVisible = False
5.0581 	EXP 	Created feedback_text = TextStim(__class__=<class 'psychopy.visual.text.TextStim'>, alignHoriz=method-wrapper(...), alignText='center', alignVert=method-wrapper(...), anchorHoriz='center', anchorVert='center', antialias=True, autoDraw=False, autoLog=True, bold=False, color=array([1., 1., 1.]), colorSpace='rgb', contrast=1.0, depth=-4.0, draggable=False, flipHoriz=False, flipVert=False, font='Open Sans', fontFiles=[], height=0.05, italic=False, languageStyle='LTR', name='feedback_text', opacity=1.0, ori=0.0, pos=array([0., 0.]), rgb=UNKNOWN, text='Respond faster!', units='height', win=Window(...), wrapWidth=1)
5.0581 	EXP 	window1: mouseVisible = False
5.0585 	EXP 	Created text_instr = TextStim(__class__=<class 'psychopy.visual.text.TextStim'>, alignHoriz=method-wrapper(...), alignText='center', alignVert=method-wrapper(...), anchorHoriz='center', anchorVert='center', antialias=True, autoDraw=False, autoLog=True, bold=False, color=array([1., 1., 1.]), colorSpace='rgb', contrast=1.0, depth=-1.0, draggable=False, flipHoriz=False, flipVert=False, font='Open Sans', fontFiles=[], height=0.05, italic=False, languageStyle='LTR', name='text_instr', opacity=1, ori=0.0, pos=array([0., 0.]), rgb=UNKNOWN, text='', units='height', win=Window(...), wrapWidth=1.4)
5.0586 	EXP 	window1: mouseVisible = False
5.0672 	EXP 	Created unnamed TextStim = TextStim(__class__=<class 'psychopy.visual.text.TextStim'>, alignHoriz=method-wrapper(...), alignText='center', alignVert=method-wrapper(...), anchorHoriz='center', anchorVert='center', antialias=True, autoDraw=False, autoLog=True, bold=False, color=array([1., 1., 1.]), colorSpace='rgb', contrast=1.0, depth=-1.0, draggable=False, flipHoriz=False, flipVert=False, font='Open Sans', fontFiles=[], height=0.05, italic=False, languageStyle='LTR', name='unnamed TextStim', opacity=1, ori=0.0, pos=array([0., 0.]), rgb=UNKNOWN, text=str(...), units='height', win=Window(...), wrapWidth=1)
5.0673 	EXP 	window1: mouseVisible = False
5.0935 	EXP 	Created unnamed TextStim = TextStim(__class__=<class 'psychopy.visual.text.TextStim'>, alignHoriz=method-wrapper(...), alignText='center', alignVert=method-wrapper(...), anchorHoriz='center', anchorVert='center', antialias=True, autoDraw=False, autoLog=True, bold=False, color=array([1., 1., 1.]), colorSpace='rgb', contrast=1.0, depth=0, draggable=False, flipHoriz=False, flipVert=False, font='', fontFiles=[], height=0.2, italic=False, languageStyle='LTR', name='unnamed TextStim', opacity=1.0, ori=0.0, pos=array([0., 0.]), rgb=UNKNOWN, text='+', units='height', win=Window(...), wrapWidth=1)
5.1040 	EXP 	text_instr: height = 0.05
5.1040 	EXP 	text_instr: height = 0.05
5.1040 	EXP 	text_instr: height = 0.05
5.1040 	EXP 	text_instr: text = 'You will see five fish in a row, some facing left, some right.\n Your task is to identify the direction of the middle fish by pressing the corresponding key.\n\n Press any key to continue.'
5.1059 	EXP 	text_instr: text = 'You will see five fish in a row, some facing left, some right.\n Your task is to identify the direction of the middle fish by pressing the corresponding key.\n\n Press any key to continue.'
5.1077 	EXP 	text_instr: text = 'You will see five fish in a row, some facing left, some right.\n Your task is to identify the direction of the middle fish by pressing the corresponding key.\n\n Press any key to continue.'
5.1226 	EXP 	text_instr: text = 'You will see five fish in a row, some facing left, some right.\n Your task is to identify the direction of the middle fish by pressing the corresponding key.\n\n Press any key to continue.'
5.1393 	EXP 	text_instr: text = 'You will see five fish in a row, some facing left, some right.\n Your task is to identify the direction of the middle fish by pressing the corresponding key.\n\n Press any key to continue.'
5.1563 	EXP 	text_instr: text = 'You will see five fish in a row, some facing left, some right.\n Your task is to identify the direction of the middle fish by pressing the corresponding key.\n\n Press any key to continue.'
5.1731 	EXP 	text_instr: text = 'You will see five fish in a row, some facing left, some right.\n Your task is to identify the direction of the middle fish by pressing the corresponding key.\n\n Press any key to continue.'
5.1896 	EXP 	text_instr: text = 'You will see five fish in a row, some facing left, some right.\n Your task is to identify the direction of the middle fish by pressing the corresponding key.\n\n Press any key to continue.'
5.2062 	EXP 	text_instr: text = 'You will see five fish in a row, some facing left, some right.\n Your task is to identify the direction of the middle fish by pressing the corresponding key.\n\n Press any key to continue.'
5.2229 	EXP 	text_instr: text = 'You will see five fish in a row, some facing left, some right.\n Your task is to identify the direction of the middle fish by pressing the corresponding key.\n\n Press any key to continue.'
5.2396 	EXP 	text_instr: text = 'You will see five fish in a row, some facing left, some right.\n Your task is to identify the direction of the middle fish by pressing the corresponding key.\n\n Press any key to continue.'
5.2562 	EXP 	text_instr: text = 'You will see five fish in a row, some facing left, some right.\n Your task is to identify the direction of the middle fish by pressing the corresponding key.\n\n Press any key to continue.'
5.2730 	EXP 	text_instr: text = 'You will see five fish in a row, some facing left, some right.\n Your task is to identify the direction of the middle fish by pressing the corresponding key.\n\n Press any key to continue.'
5.2896 	EXP 	text_instr: text = 'You will see five fish in a row, some facing left, some right.\n Your task is to identify the direction of the middle fish by pressing the corresponding key.\n\n Press any key to continue.'
5.3063 	EXP 	text_instr: text = 'You will see five fish in a row, some facing left, some right.\n Your task is to identify the direction of the middle fish by pressing the corresponding key.\n\n Press any key to continue.'
5.3230 	EXP 	text_instr: text = 'You will see five fish in a row, some facing left, some right.\n Your task is to identify the direction of the middle fish by pressing the corresponding key.\n\n Press any key to continue.'
5.3398 	EXP 	text_instr: text = 'You will see five fish in a row, some facing left, some right.\n Your task is to identify the direction of the middle fish by pressing the corresponding key.\n\n Press any key to continue.'
5.3564 	EXP 	text_instr: text = 'You will see five fish in a row, some facing left, some right.\n Your task is to identify the direction of the middle fish by pressing the corresponding key.\n\n Press any key to continue.'
5.3727 	EXP 	text_instr: text = 'You will see five fish in a row, some facing left, some right.\n Your task is to identify the direction of the middle fish by pressing the corresponding key.\n\n Press any key to continue.'
5.3894 	EXP 	text_instr: text = 'You will see five fish in a row, some facing left, some right.\n Your task is to identify the direction of the middle fish by pressing the corresponding key.\n\n Press any key to continue.'
5.4059 	EXP 	text_instr: text = 'You will see five fish in a row, some facing left, some right.\n Your task is to identify the direction of the middle fish by pressing the corresponding key.\n\n Press any key to continue.'
5.4227 	EXP 	text_instr: text = 'You will see five fish in a row, some facing left, some right.\n Your task is to identify the direction of the middle fish by pressing the corresponding key.\n\n Press any key to continue.'
5.4393 	EXP 	text_instr: text = 'You will see five fish in a row, some facing left, some right.\n Your task is to identify the direction of the middle fish by pressing the corresponding key.\n\n Press any key to continue.'
5.4561 	EXP 	text_instr: text = 'You will see five fish in a row, some facing left, some right.\n Your task is to identify the direction of the middle fish by pressing the corresponding key.\n\n Press any key to continue.'
5.4725 	EXP 	text_instr: text = 'You will see five fish in a row, some facing left, some right.\n Your task is to identify the direction of the middle fish by pressing the corresponding key.\n\n Press any key to continue.'
5.4891 	EXP 	text_instr: text = 'You will see five fish in a row, some facing left, some right.\n Your task is to identify the direction of the middle fish by pressing the corresponding key.\n\n Press any key to continue.'
5.5060 	EXP 	text_instr: text = 'You will see five fish in a row, some facing left, some right.\n Your task is to identify the direction of the middle fish by pressing the corresponding key.\n\n Press any key to continue.'
5.5226 	EXP 	text_instr: text = 'You will see five fish in a row, some facing left, some right.\n Your task is to identify the direction of the middle fish by pressing the corresponding key.\n\n Press any key to continue.'
5.5392 	EXP 	text_instr: text = 'You will see five fish in a row, some facing left, some right.\n Your task is to identify the direction of the middle fish by pressing the corresponding key.\n\n Press any key to continue.'
5.5559 	EXP 	text_instr: text = 'You will see five fish in a row, some facing left, some right.\n Your task is to identify the direction of the middle fish by pressing the corresponding key.\n\n Press any key to continue.'
5.5726 	EXP 	text_instr: text = 'You will see five fish in a row, some facing left, some right.\n Your task is to identify the direction of the middle fish by pressing the corresponding key.\n\n Press any key to continue.'
5.5893 	EXP 	text_instr: text = 'You will see five fish in a row, some facing left, some right.\n Your task is to identify the direction of the middle fish by pressing the corresponding key.\n\n Press any key to continue.'
5.6059 	EXP 	text_instr: text = 'You will see five fish in a row, some facing left, some right.\n Your task is to identify the direction of the middle fish by pressing the corresponding key.\n\n Press any key to continue.'
5.6225 	EXP 	text_instr: text = 'You will see five fish in a row, some facing left, some right.\n Your task is to identify the direction of the middle fish by pressing the corresponding key.\n\n Press any key to continue.'
5.6391 	EXP 	text_instr: text = 'You will see five fish in a row, some facing left, some right.\n Your task is to identify the direction of the middle fish by pressing the corresponding key.\n\n Press any key to continue.'
5.6558 	EXP 	text_instr: text = 'You will see five fish in a row, some facing left, some right.\n Your task is to identify the direction of the middle fish by pressing the corresponding key.\n\n Press any key to continue.'
5.6726 	EXP 	text_instr: text = 'You will see five fish in a row, some facing left, some right.\n Your task is to identify the direction of the middle fish by pressing the corresponding key.\n\n Press any key to continue.'
5.6892 	EXP 	text_instr: text = 'You will see five fish in a row, some facing left, some right.\n Your task is to identify the direction of the middle fish by pressing the corresponding key.\n\n Press any key to continue.'
5.7059 	EXP 	text_instr: text = 'You will see five fish in a row, some facing left, some right.\n Your task is to identify the direction of the middle fish by pressing the corresponding key.\n\n Press any key to continue.'
5.7226 	EXP 	text_instr: text = 'You will see five fish in a row, some facing left, some right.\n Your task is to identify the direction of the middle fish by pressing the corresponding key.\n\n Press any key to continue.'
5.7393 	EXP 	text_instr: text = 'You will see five fish in a row, some facing left, some right.\n Your task is to identify the direction of the middle fish by pressing the corresponding key.\n\n Press any key to continue.'
5.7559 	EXP 	text_instr: text = 'You will see five fish in a row, some facing left, some right.\n Your task is to identify the direction of the middle fish by pressing the corresponding key.\n\n Press any key to continue.'
5.7725 	EXP 	text_instr: text = 'You will see five fish in a row, some facing left, some right.\n Your task is to identify the direction of the middle fish by pressing the corresponding key.\n\n Press any key to continue.'
5.7892 	EXP 	text_instr: text = 'You will see five fish in a row, some facing left, some right.\n Your task is to identify the direction of the middle fish by pressing the corresponding key.\n\n Press any key to continue.'
5.8059 	EXP 	text_instr: text = 'You will see five fish in a row, some facing left, some right.\n Your task is to identify the direction of the middle fish by pressing the corresponding key.\n\n Press any key to continue.'
5.8224 	EXP 	text_instr: text = 'You will see five fish in a row, some facing left, some right.\n Your task is to identify the direction of the middle fish by pressing the corresponding key.\n\n Press any key to continue.'
5.8391 	EXP 	text_instr: text = 'You will see five fish in a row, some facing left, some right.\n Your task is to identify the direction of the middle fish by pressing the corresponding key.\n\n Press any key to continue.'
5.8559 	EXP 	text_instr: text = 'You will see five fish in a row, some facing left, some right.\n Your task is to identify the direction of the middle fish by pressing the corresponding key.\n\n Press any key to continue.'
5.8724 	EXP 	text_instr: text = 'You will see five fish in a row, some facing left, some right.\n Your task is to identify the direction of the middle fish by pressing the corresponding key.\n\n Press any key to continue.'
5.8891 	EXP 	text_instr: text = 'You will see five fish in a row, some facing left, some right.\n Your task is to identify the direction of the middle fish by pressing the corresponding key.\n\n Press any key to continue.'
5.9058 	EXP 	text_instr: text = 'You will see five fish in a row, some facing left, some right.\n Your task is to identify the direction of the middle fish by pressing the corresponding key.\n\n Press any key to continue.'
5.9224 	EXP 	text_instr: text = 'You will see five fish in a row, some facing left, some right.\n Your task is to identify the direction of the middle fish by pressing the corresponding key.\n\n Press any key to continue.'
5.9392 	EXP 	text_instr: text = 'You will see five fish in a row, some facing left, some right.\n Your task is to identify the direction of the middle fish by pressing the corresponding key.\n\n Press any key to continue.'
5.9557 	EXP 	text_instr: text = 'You will see five fish in a row, some facing left, some right.\n Your task is to identify the direction of the middle fish by pressing the corresponding key.\n\n Press any key to continue.'
5.9722 	EXP 	text_instr: text = 'You will see five fish in a row, some facing left, some right.\n Your task is to identify the direction of the middle fish by pressing the corresponding key.\n\n Press any key to continue.'
5.9889 	EXP 	text_instr: text = 'You will see five fish in a row, some facing left, some right.\n Your task is to identify the direction of the middle fish by pressing the corresponding key.\n\n Press any key to continue.'
6.0057 	EXP 	text_instr: text = 'You will see five fish in a row, some facing left, some right.\n Your task is to identify the direction of the middle fish by pressing the corresponding key.\n\n Press any key to continue.'
6.0222 	EXP 	text_instr: text = 'You will see five fish in a row, some facing left, some right.\n Your task is to identify the direction of the middle fish by pressing the corresponding key.\n\n Press any key to continue.'
6.0389 	EXP 	text_instr: text = 'You will see five fish in a row, some facing left, some right.\n Your task is to identify the direction of the middle fish by pressing the corresponding key.\n\n Press any key to continue.'
6.0556 	EXP 	text_instr: text = 'You will see five fish in a row, some facing left, some right.\n Your task is to identify the direction of the middle fish by pressing the corresponding key.\n\n Press any key to continue.'
6.0722 	EXP 	text_instr: text = 'You will see five fish in a row, some facing left, some right.\n Your task is to identify the direction of the middle fish by pressing the corresponding key.\n\n Press any key to continue.'
6.0892 	EXP 	text_instr: text = 'You will see five fish in a row, some facing left, some right.\n Your task is to identify the direction of the middle fish by pressing the corresponding key.\n\n Press any key to continue.'
6.1060 	EXP 	text_instr: text = 'You will see five fish in a row, some facing left, some right.\n Your task is to identify the direction of the middle fish by pressing the corresponding key.\n\n Press any key to continue.'
6.1223 	EXP 	text_instr: text = 'You will see five fish in a row, some facing left, some right.\n Your task is to identify the direction of the middle fish by pressing the corresponding key.\n\n Press any key to continue.'
6.1390 	EXP 	text_instr: text = 'You will see five fish in a row, some facing left, some right.\n Your task is to identify the direction of the middle fish by pressing the corresponding key.\n\n Press any key to continue.'
6.1557 	EXP 	text_instr: text = 'You will see five fish in a row, some facing left, some right.\n Your task is to identify the direction of the middle fish by pressing the corresponding key.\n\n Press any key to continue.'
6.1726 	EXP 	text_instr: text = 'You will see five fish in a row, some facing left, some right.\n Your task is to identify the direction of the middle fish by pressing the corresponding key.\n\n Press any key to continue.'
6.1893 	EXP 	text_instr: text = 'You will see five fish in a row, some facing left, some right.\n Your task is to identify the direction of the middle fish by pressing the corresponding key.\n\n Press any key to continue.'
6.2060 	EXP 	text_instr: text = 'You will see five fish in a row, some facing left, some right.\n Your task is to identify the direction of the middle fish by pressing the corresponding key.\n\n Press any key to continue.'
6.2224 	EXP 	text_instr: text = 'You will see five fish in a row, some facing left, some right.\n Your task is to identify the direction of the middle fish by pressing the corresponding key.\n\n Press any key to continue.'
6.2392 	EXP 	text_instr: text = 'You will see five fish in a row, some facing left, some right.\n Your task is to identify the direction of the middle fish by pressing the corresponding key.\n\n Press any key to continue.'
6.2560 	EXP 	text_instr: text = 'You will see five fish in a row, some facing left, some right.\n Your task is to identify the direction of the middle fish by pressing the corresponding key.\n\n Press any key to continue.'
6.2726 	EXP 	text_instr: text = 'You will see five fish in a row, some facing left, some right.\n Your task is to identify the direction of the middle fish by pressing the corresponding key.\n\n Press any key to continue.'
6.2892 	EXP 	text_instr: text = 'You will see five fish in a row, some facing left, some right.\n Your task is to identify the direction of the middle fish by pressing the corresponding key.\n\n Press any key to continue.'
6.3059 	EXP 	text_instr: text = 'You will see five fish in a row, some facing left, some right.\n Your task is to identify the direction of the middle fish by pressing the corresponding key.\n\n Press any key to continue.'
6.3223 	EXP 	text_instr: text = 'You will see five fish in a row, some facing left, some right.\n Your task is to identify the direction of the middle fish by pressing the corresponding key.\n\n Press any key to continue.'
6.3392 	EXP 	text_instr: text = 'You will see five fish in a row, some facing left, some right.\n Your task is to identify the direction of the middle fish by pressing the corresponding key.\n\n Press any key to continue.'
6.3560 	EXP 	text_instr: text = 'You will see five fish in a row, some facing left, some right.\n Your task is to identify the direction of the middle fish by pressing the corresponding key.\n\n Press any key to continue.'
6.3726 	EXP 	text_instr: text = 'You will see five fish in a row, some facing left, some right.\n Your task is to identify the direction of the middle fish by pressing the corresponding key.\n\n Press any key to continue.'
6.3892 	EXP 	text_instr: text = 'You will see five fish in a row, some facing left, some right.\n Your task is to identify the direction of the middle fish by pressing the corresponding key.\n\n Press any key to continue.'
6.4057 	EXP 	text_instr: text = 'You will see five fish in a row, some facing left, some right.\n Your task is to identify the direction of the middle fish by pressing the corresponding key.\n\n Press any key to continue.'
6.4223 	EXP 	text_instr: text = 'You will see five fish in a row, some facing left, some right.\n Your task is to identify the direction of the middle fish by pressing the corresponding key.\n\n Press any key to continue.'
6.4389 	EXP 	text_instr: text = 'You will see five fish in a row, some facing left, some right.\n Your task is to identify the direction of the middle fish by pressing the corresponding key.\n\n Press any key to continue.'
6.4557 	EXP 	text_instr: text = 'You will see five fish in a row, some facing left, some right.\n Your task is to identify the direction of the middle fish by pressing the corresponding key.\n\n Press any key to continue.'
6.4724 	EXP 	text_instr: text = 'You will see five fish in a row, some facing left, some right.\n Your task is to identify the direction of the middle fish by pressing the corresponding key.\n\n Press any key to continue.'
6.4891 	EXP 	text_instr: text = 'You will see five fish in a row, some facing left, some right.\n Your task is to identify the direction of the middle fish by pressing the corresponding key.\n\n Press any key to continue.'
6.5057 	EXP 	text_instr: text = 'You will see five fish in a row, some facing left, some right.\n Your task is to identify the direction of the middle fish by pressing the corresponding key.\n\n Press any key to continue.'
6.5222 	EXP 	text_instr: text = 'You will see five fish in a row, some facing left, some right.\n Your task is to identify the direction of the middle fish by pressing the corresponding key.\n\n Press any key to continue.'
6.5391 	EXP 	text_instr: text = 'You will see five fish in a row, some facing left, some right.\n Your task is to identify the direction of the middle fish by pressing the corresponding key.\n\n Press any key to continue.'
6.5557 	EXP 	text_instr: text = 'You will see five fish in a row, some facing left, some right.\n Your task is to identify the direction of the middle fish by pressing the corresponding key.\n\n Press any key to continue.'
6.5720 	EXP 	text_instr: text = 'You will see five fish in a row, some facing left, some right.\n Your task is to identify the direction of the middle fish by pressing the corresponding key.\n\n Press any key to continue.'
6.5888 	EXP 	text_instr: text = 'You will see five fish in a row, some facing left, some right.\n Your task is to identify the direction of the middle fish by pressing the corresponding key.\n\n Press any key to continue.'
6.6055 	EXP 	text_instr: text = 'You will see five fish in a row, some facing left, some right.\n Your task is to identify the direction of the middle fish by pressing the corresponding key.\n\n Press any key to continue.'
6.6221 	EXP 	text_instr: text = 'You will see five fish in a row, some facing left, some right.\n Your task is to identify the direction of the middle fish by pressing the corresponding key.\n\n Press any key to continue.'
6.6390 	EXP 	text_instr: text = 'You will see five fish in a row, some facing left, some right.\n Your task is to identify the direction of the middle fish by pressing the corresponding key.\n\n Press any key to continue.'
6.6554 	EXP 	text_instr: text = 'You will see five fish in a row, some facing left, some right.\n Your task is to identify the direction of the middle fish by pressing the corresponding key.\n\n Press any key to continue.'
6.6720 	EXP 	text_instr: text = 'You will see five fish in a row, some facing left, some right.\n Your task is to identify the direction of the middle fish by pressing the corresponding key.\n\n Press any key to continue.'
6.6891 	EXP 	text_instr: text = 'You will see five fish in a row, some facing left, some right.\n Your task is to identify the direction of the middle fish by pressing the corresponding key.\n\n Press any key to continue.'
6.7056 	EXP 	text_instr: text = 'You will see five fish in a row, some facing left, some right.\n Your task is to identify the direction of the middle fish by pressing the corresponding key.\n\n Press any key to continue.'
6.7223 	EXP 	text_instr: text = 'You will see five fish in a row, some facing left, some right.\n Your task is to identify the direction of the middle fish by pressing the corresponding key.\n\n Press any key to continue.'
6.7388 	EXP 	text_instr: text = 'You will see five fish in a row, some facing left, some right.\n Your task is to identify the direction of the middle fish by pressing the corresponding key.\n\n Press any key to continue.'
6.7553 	EXP 	text_instr: text = 'You will see five fish in a row, some facing left, some right.\n Your task is to identify the direction of the middle fish by pressing the corresponding key.\n\n Press any key to continue.'
6.7722 	EXP 	text_instr: text = 'You will see five fish in a row, some facing left, some right.\n Your task is to identify the direction of the middle fish by pressing the corresponding key.\n\n Press any key to continue.'
6.7888 	EXP 	text_instr: text = 'You will see five fish in a row, some facing left, some right.\n Your task is to identify the direction of the middle fish by pressing the corresponding key.\n\n Press any key to continue.'
6.8054 	EXP 	text_instr: text = 'You will see five fish in a row, some facing left, some right.\n Your task is to identify the direction of the middle fish by pressing the corresponding key.\n\n Press any key to continue.'
6.8221 	EXP 	text_instr: text = 'You will see five fish in a row, some facing left, some right.\n Your task is to identify the direction of the middle fish by pressing the corresponding key.\n\n Press any key to continue.'
6.8387 	EXP 	text_instr: text = 'You will see five fish in a row, some facing left, some right.\n Your task is to identify the direction of the middle fish by pressing the corresponding key.\n\n Press any key to continue.'
6.8556 	EXP 	text_instr: text = 'You will see five fish in a row, some facing left, some right.\n Your task is to identify the direction of the middle fish by pressing the corresponding key.\n\n Press any key to continue.'
6.8721 	EXP 	text_instr: text = 'You will see five fish in a row, some facing left, some right.\n Your task is to identify the direction of the middle fish by pressing the corresponding key.\n\n Press any key to continue.'
6.8890 	EXP 	text_instr: text = 'You will see five fish in a row, some facing left, some right.\n Your task is to identify the direction of the middle fish by pressing the corresponding key.\n\n Press any key to continue.'
6.9057 	EXP 	text_instr: text = 'You will see five fish in a row, some facing left, some right.\n Your task is to identify the direction of the middle fish by pressing the corresponding key.\n\n Press any key to continue.'
6.9221 	EXP 	text_instr: text = 'You will see five fish in a row, some facing left, some right.\n Your task is to identify the direction of the middle fish by pressing the corresponding key.\n\n Press any key to continue.'
6.9388 	EXP 	text_instr: text = 'You will see five fish in a row, some facing left, some right.\n Your task is to identify the direction of the middle fish by pressing the corresponding key.\n\n Press any key to continue.'
6.9555 	EXP 	text_instr: text = 'You will see five fish in a row, some facing left, some right.\n Your task is to identify the direction of the middle fish by pressing the corresponding key.\n\n Press any key to continue.'
6.9722 	EXP 	text_instr: text = 'You will see five fish in a row, some facing left, some right.\n Your task is to identify the direction of the middle fish by pressing the corresponding key.\n\n Press any key to continue.'
6.9890 	EXP 	text_instr: text = 'You will see five fish in a row, some facing left, some right.\n Your task is to identify the direction of the middle fish by pressing the corresponding key.\n\n Press any key to continue.'
7.0055 	EXP 	text_instr: text = 'You will see five fish in a row, some facing left, some right.\n Your task is to identify the direction of the middle fish by pressing the corresponding key.\n\n Press any key to continue.'
7.0220 	EXP 	text_instr: text = 'You will see five fish in a row, some facing left, some right.\n Your task is to identify the direction of the middle fish by pressing the corresponding key.\n\n Press any key to continue.'
7.0387 	EXP 	text_instr: text = 'You will see five fish in a row, some facing left, some right.\n Your task is to identify the direction of the middle fish by pressing the corresponding key.\n\n Press any key to continue.'
7.0555 	EXP 	text_instr: text = 'You will see five fish in a row, some facing left, some right.\n Your task is to identify the direction of the middle fish by pressing the corresponding key.\n\n Press any key to continue.'
7.0721 	EXP 	text_instr: text = 'You will see five fish in a row, some facing left, some right.\n Your task is to identify the direction of the middle fish by pressing the corresponding key.\n\n Press any key to continue.'
7.0888 	EXP 	text_instr: text = 'You will see five fish in a row, some facing left, some right.\n Your task is to identify the direction of the middle fish by pressing the corresponding key.\n\n Press any key to continue.'
7.1055 	EXP 	text_instr: text = 'You will see five fish in a row, some facing left, some right.\n Your task is to identify the direction of the middle fish by pressing the corresponding key.\n\n Press any key to continue.'
7.1220 	EXP 	text_instr: text = 'You will see five fish in a row, some facing left, some right.\n Your task is to identify the direction of the middle fish by pressing the corresponding key.\n\n Press any key to continue.'
7.1387 	EXP 	text_instr: text = 'You will see five fish in a row, some facing left, some right.\n Your task is to identify the direction of the middle fish by pressing the corresponding key.\n\n Press any key to continue.'
7.1552 	EXP 	text_instr: text = 'You will see five fish in a row, some facing left, some right.\n Your task is to identify the direction of the middle fish by pressing the corresponding key.\n\n Press any key to continue.'
7.1720 	EXP 	text_instr: text = 'You will see five fish in a row, some facing left, some right.\n Your task is to identify the direction of the middle fish by pressing the corresponding key.\n\n Press any key to continue.'
7.1887 	EXP 	text_instr: text = 'You will see five fish in a row, some facing left, some right.\n Your task is to identify the direction of the middle fish by pressing the corresponding key.\n\n Press any key to continue.'
7.2053 	EXP 	text_instr: text = 'You will see five fish in a row, some facing left, some right.\n Your task is to identify the direction of the middle fish by pressing the corresponding key.\n\n Press any key to continue.'
7.2219 	EXP 	text_instr: text = 'You will see five fish in a row, some facing left, some right.\n Your task is to identify the direction of the middle fish by pressing the corresponding key.\n\n Press any key to continue.'
7.2385 	EXP 	text_instr: text = 'You will see five fish in a row, some facing left, some right.\n Your task is to identify the direction of the middle fish by pressing the corresponding key.\n\n Press any key to continue.'
7.2553 	EXP 	text_instr: text = 'You will see five fish in a row, some facing left, some right.\n Your task is to identify the direction of the middle fish by pressing the corresponding key.\n\n Press any key to continue.'
7.2720 	EXP 	text_instr: text = 'You will see five fish in a row, some facing left, some right.\n Your task is to identify the direction of the middle fish by pressing the corresponding key.\n\n Press any key to continue.'
7.2888 	EXP 	text_instr: text = 'You will see five fish in a row, some facing left, some right.\n Your task is to identify the direction of the middle fish by pressing the corresponding key.\n\n Press any key to continue.'
7.3055 	EXP 	text_instr: text = 'You will see five fish in a row, some facing left, some right.\n Your task is to identify the direction of the middle fish by pressing the corresponding key.\n\n Press any key to continue.'
7.3220 	EXP 	text_instr: text = 'You will see five fish in a row, some facing left, some right.\n Your task is to identify the direction of the middle fish by pressing the corresponding key.\n\n Press any key to continue.'
7.3386 	EXP 	text_instr: text = 'You will see five fish in a row, some facing left, some right.\n Your task is to identify the direction of the middle fish by pressing the corresponding key.\n\n Press any key to continue.'
7.3554 	EXP 	text_instr: text = 'You will see five fish in a row, some facing left, some right.\n Your task is to identify the direction of the middle fish by pressing the corresponding key.\n\n Press any key to continue.'
7.3717 	EXP 	text_instr: text = 'You will see five fish in a row, some facing left, some right.\n Your task is to identify the direction of the middle fish by pressing the corresponding key.\n\n Press any key to continue.'
7.3885 	EXP 	text_instr: text = 'You will see five fish in a row, some facing left, some right.\n Your task is to identify the direction of the middle fish by pressing the corresponding key.\n\n Press any key to continue.'
7.4051 	EXP 	text_instr: text = 'You will see five fish in a row, some facing left, some right.\n Your task is to identify the direction of the middle fish by pressing the corresponding key.\n\n Press any key to continue.'
7.4217 	EXP 	text_instr: text = 'You will see five fish in a row, some facing left, some right.\n Your task is to identify the direction of the middle fish by pressing the corresponding key.\n\n Press any key to continue.'
7.4386 	EXP 	text_instr: text = 'You will see five fish in a row, some facing left, some right.\n Your task is to identify the direction of the middle fish by pressing the corresponding key.\n\n Press any key to continue.'
7.4551 	EXP 	text_instr: text = 'You will see five fish in a row, some facing left, some right.\n Your task is to identify the direction of the middle fish by pressing the corresponding key.\n\n Press any key to continue.'
7.4720 	EXP 	text_instr: text = 'You will see five fish in a row, some facing left, some right.\n Your task is to identify the direction of the middle fish by pressing the corresponding key.\n\n Press any key to continue.'
7.4886 	EXP 	text_instr: text = 'You will see five fish in a row, some facing left, some right.\n Your task is to identify the direction of the middle fish by pressing the corresponding key.\n\n Press any key to continue.'
7.5052 	EXP 	text_instr: text = 'You will see five fish in a row, some facing left, some right.\n Your task is to identify the direction of the middle fish by pressing the corresponding key.\n\n Press any key to continue.'
7.5217 	EXP 	text_instr: text = 'You will see five fish in a row, some facing left, some right.\n Your task is to identify the direction of the middle fish by pressing the corresponding key.\n\n Press any key to continue.'
7.5384 	EXP 	text_instr: text = 'You will see five fish in a row, some facing left, some right.\n Your task is to identify the direction of the middle fish by pressing the corresponding key.\n\n Press any key to continue.'
7.5551 	EXP 	text_instr: text = 'You will see five fish in a row, some facing left, some right.\n Your task is to identify the direction of the middle fish by pressing the corresponding key.\n\n Press any key to continue.'
7.5716 	EXP 	text_instr: text = 'You will see five fish in a row, some facing left, some right.\n Your task is to identify the direction of the middle fish by pressing the corresponding key.\n\n Press any key to continue.'
7.5883 	EXP 	text_instr: text = 'You will see five fish in a row, some facing left, some right.\n Your task is to identify the direction of the middle fish by pressing the corresponding key.\n\n Press any key to continue.'
7.6049 	EXP 	text_instr: text = 'You will see five fish in a row, some facing left, some right.\n Your task is to identify the direction of the middle fish by pressing the corresponding key.\n\n Press any key to continue.'
7.6219 	EXP 	text_instr: text = 'You will see five fish in a row, some facing left, some right.\n Your task is to identify the direction of the middle fish by pressing the corresponding key.\n\n Press any key to continue.'
7.6384 	EXP 	text_instr: text = 'You will see five fish in a row, some facing left, some right.\n Your task is to identify the direction of the middle fish by pressing the corresponding key.\n\n Press any key to continue.'
7.6555 	EXP 	text_instr: text = 'You will see five fish in a row, some facing left, some right.\n Your task is to identify the direction of the middle fish by pressing the corresponding key.\n\n Press any key to continue.'
7.6719 	EXP 	text_instr: text = 'You will see five fish in a row, some facing left, some right.\n Your task is to identify the direction of the middle fish by pressing the corresponding key.\n\n Press any key to continue.'
7.6886 	EXP 	text_instr: text = 'You will see five fish in a row, some facing left, some right.\n Your task is to identify the direction of the middle fish by pressing the corresponding key.\n\n Press any key to continue.'
7.7053 	EXP 	text_instr: text = 'You will see five fish in a row, some facing left, some right.\n Your task is to identify the direction of the middle fish by pressing the corresponding key.\n\n Press any key to continue.'
7.7219 	EXP 	text_instr: text = 'You will see five fish in a row, some facing left, some right.\n Your task is to identify the direction of the middle fish by pressing the corresponding key.\n\n Press any key to continue.'
7.7383 	EXP 	text_instr: text = 'You will see five fish in a row, some facing left, some right.\n Your task is to identify the direction of the middle fish by pressing the corresponding key.\n\n Press any key to continue.'
7.7552 	EXP 	text_instr: text = 'You will see five fish in a row, some facing left, some right.\n Your task is to identify the direction of the middle fish by pressing the corresponding key.\n\n Press any key to continue.'
7.7717 	EXP 	text_instr: text = 'You will see five fish in a row, some facing left, some right.\n Your task is to identify the direction of the middle fish by pressing the corresponding key.\n\n Press any key to continue.'
7.7885 	EXP 	text_instr: text = 'You will see five fish in a row, some facing left, some right.\n Your task is to identify the direction of the middle fish by pressing the corresponding key.\n\n Press any key to continue.'
7.8052 	EXP 	text_instr: text = 'You will see five fish in a row, some facing left, some right.\n Your task is to identify the direction of the middle fish by pressing the corresponding key.\n\n Press any key to continue.'
7.8220 	EXP 	text_instr: text = 'You will see five fish in a row, some facing left, some right.\n Your task is to identify the direction of the middle fish by pressing the corresponding key.\n\n Press any key to continue.'
7.8383 	EXP 	text_instr: text = 'You will see five fish in a row, some facing left, some right.\n Your task is to identify the direction of the middle fish by pressing the corresponding key.\n\n Press any key to continue.'
7.8551 	EXP 	text_instr: text = 'You will see five fish in a row, some facing left, some right.\n Your task is to identify the direction of the middle fish by pressing the corresponding key.\n\n Press any key to continue.'
7.8718 	EXP 	text_instr: text = 'You will see five fish in a row, some facing left, some right.\n Your task is to identify the direction of the middle fish by pressing the corresponding key.\n\n Press any key to continue.'
7.8884 	EXP 	text_instr: text = 'You will see five fish in a row, some facing left, some right.\n Your task is to identify the direction of the middle fish by pressing the corresponding key.\n\n Press any key to continue.'
7.9051 	EXP 	text_instr: text = 'You will see five fish in a row, some facing left, some right.\n Your task is to identify the direction of the middle fish by pressing the corresponding key.\n\n Press any key to continue.'
7.9217 	EXP 	text_instr: text = 'You will see five fish in a row, some facing left, some right.\n Your task is to identify the direction of the middle fish by pressing the corresponding key.\n\n Press any key to continue.'
7.9384 	EXP 	text_instr: text = 'You will see five fish in a row, some facing left, some right.\n Your task is to identify the direction of the middle fish by pressing the corresponding key.\n\n Press any key to continue.'
7.9551 	EXP 	text_instr: text = 'You will see five fish in a row, some facing left, some right.\n Your task is to identify the direction of the middle fish by pressing the corresponding key.\n\n Press any key to continue.'
7.9718 	EXP 	text_instr: text = 'You will see five fish in a row, some facing left, some right.\n Your task is to identify the direction of the middle fish by pressing the corresponding key.\n\n Press any key to continue.'
7.9883 	EXP 	text_instr: text = 'You will see five fish in a row, some facing left, some right.\n Your task is to identify the direction of the middle fish by pressing the corresponding key.\n\n Press any key to continue.'
8.0050 	EXP 	text_instr: text = 'You will see five fish in a row, some facing left, some right.\n Your task is to identify the direction of the middle fish by pressing the corresponding key.\n\n Press any key to continue.'
8.0216 	EXP 	text_instr: text = 'You will see five fish in a row, some facing left, some right.\n Your task is to identify the direction of the middle fish by pressing the corresponding key.\n\n Press any key to continue.'
8.0384 	EXP 	text_instr: text = 'You will see five fish in a row, some facing left, some right.\n Your task is to identify the direction of the middle fish by pressing the corresponding key.\n\n Press any key to continue.'
8.0551 	EXP 	text_instr: text = 'You will see five fish in a row, some facing left, some right.\n Your task is to identify the direction of the middle fish by pressing the corresponding key.\n\n Press any key to continue.'
8.0717 	EXP 	text_instr: text = 'You will see five fish in a row, some facing left, some right.\n Your task is to identify the direction of the middle fish by pressing the corresponding key.\n\n Press any key to continue.'
8.0883 	EXP 	text_instr: text = 'You will see five fish in a row, some facing left, some right.\n Your task is to identify the direction of the middle fish by pressing the corresponding key.\n\n Press any key to continue.'
8.1048 	EXP 	text_instr: text = 'You will see five fish in a row, some facing left, some right.\n Your task is to identify the direction of the middle fish by pressing the corresponding key.\n\n Press any key to continue.'
8.1217 	EXP 	text_instr: text = 'You will see five fish in a row, some facing left, some right.\n Your task is to identify the direction of the middle fish by pressing the corresponding key.\n\n Press any key to continue.'
8.1382 	EXP 	text_instr: text = 'You will see five fish in a row, some facing left, some right.\n Your task is to identify the direction of the middle fish by pressing the corresponding key.\n\n Press any key to continue.'
8.1550 	EXP 	text_instr: text = 'You will see five fish in a row, some facing left, some right.\n Your task is to identify the direction of the middle fish by pressing the corresponding key.\n\n Press any key to continue.'
8.1715 	EXP 	text_instr: text = 'You will see five fish in a row, some facing left, some right.\n Your task is to identify the direction of the middle fish by pressing the corresponding key.\n\n Press any key to continue.'
8.1882 	EXP 	text_instr: text = 'You will see five fish in a row, some facing left, some right.\n Your task is to identify the direction of the middle fish by pressing the corresponding key.\n\n Press any key to continue.'
8.2050 	EXP 	text_instr: text = 'You will see five fish in a row, some facing left, some right.\n Your task is to identify the direction of the middle fish by pressing the corresponding key.\n\n Press any key to continue.'
8.2215 	EXP 	text_instr: text = 'You will see five fish in a row, some facing left, some right.\n Your task is to identify the direction of the middle fish by pressing the corresponding key.\n\n Press any key to continue.'
8.2381 	EXP 	text_instr: text = 'You will see five fish in a row, some facing left, some right.\n Your task is to identify the direction of the middle fish by pressing the corresponding key.\n\n Press any key to continue.'
8.2548 	EXP 	text_instr: text = 'You will see five fish in a row, some facing left, some right.\n Your task is to identify the direction of the middle fish by pressing the corresponding key.\n\n Press any key to continue.'
8.2715 	EXP 	text_instr: text = 'You will see five fish in a row, some facing left, some right.\n Your task is to identify the direction of the middle fish by pressing the corresponding key.\n\n Press any key to continue.'
8.2883 	EXP 	text_instr: text = 'You will see five fish in a row, some facing left, some right.\n Your task is to identify the direction of the middle fish by pressing the corresponding key.\n\n Press any key to continue.'
8.3050 	EXP 	text_instr: text = 'You will see five fish in a row, some facing left, some right.\n Your task is to identify the direction of the middle fish by pressing the corresponding key.\n\n Press any key to continue.'
8.3216 	EXP 	text_instr: text = 'You will see five fish in a row, some facing left, some right.\n Your task is to identify the direction of the middle fish by pressing the corresponding key.\n\n Press any key to continue.'
8.3381 	EXP 	text_instr: text = 'You will see five fish in a row, some facing left, some right.\n Your task is to identify the direction of the middle fish by pressing the corresponding key.\n\n Press any key to continue.'
8.3549 	EXP 	text_instr: text = 'You will see five fish in a row, some facing left, some right.\n Your task is to identify the direction of the middle fish by pressing the corresponding key.\n\n Press any key to continue.'
8.3715 	EXP 	text_instr: text = 'You will see five fish in a row, some facing left, some right.\n Your task is to identify the direction of the middle fish by pressing the corresponding key.\n\n Press any key to continue.'
8.3884 	EXP 	text_instr: text = 'You will see five fish in a row, some facing left, some right.\n Your task is to identify the direction of the middle fish by pressing the corresponding key.\n\n Press any key to continue.'
8.4050 	EXP 	text_instr: text = 'You will see five fish in a row, some facing left, some right.\n Your task is to identify the direction of the middle fish by pressing the corresponding key.\n\n Press any key to continue.'
8.4216 	EXP 	text_instr: text = 'You will see five fish in a row, some facing left, some right.\n Your task is to identify the direction of the middle fish by pressing the corresponding key.\n\n Press any key to continue.'
8.4383 	EXP 	text_instr: text = 'You will see five fish in a row, some facing left, some right.\n Your task is to identify the direction of the middle fish by pressing the corresponding key.\n\n Press any key to continue.'
8.4550 	EXP 	text_instr: text = 'You will see five fish in a row, some facing left, some right.\n Your task is to identify the direction of the middle fish by pressing the corresponding key.\n\n Press any key to continue.'
8.4716 	EXP 	text_instr: text = 'You will see five fish in a row, some facing left, some right.\n Your task is to identify the direction of the middle fish by pressing the corresponding key.\n\n Press any key to continue.'
8.4883 	EXP 	text_instr: text = 'You will see five fish in a row, some facing left, some right.\n Your task is to identify the direction of the middle fish by pressing the corresponding key.\n\n Press any key to continue.'
8.5049 	EXP 	text_instr: text = 'You will see five fish in a row, some facing left, some right.\n Your task is to identify the direction of the middle fish by pressing the corresponding key.\n\n Press any key to continue.'
8.5215 	EXP 	text_instr: text = 'You will see five fish in a row, some facing left, some right.\n Your task is to identify the direction of the middle fish by pressing the corresponding key.\n\n Press any key to continue.'
8.5384 	EXP 	text_instr: text = 'You will see five fish in a row, some facing left, some right.\n Your task is to identify the direction of the middle fish by pressing the corresponding key.\n\n Press any key to continue.'
8.5549 	EXP 	text_instr: text = 'You will see five fish in a row, some facing left, some right.\n Your task is to identify the direction of the middle fish by pressing the corresponding key.\n\n Press any key to continue.'
8.5715 	EXP 	text_instr: text = 'You will see five fish in a row, some facing left, some right.\n Your task is to identify the direction of the middle fish by pressing the corresponding key.\n\n Press any key to continue.'
8.5880 	EXP 	text_instr: text = 'You will see five fish in a row, some facing left, some right.\n Your task is to identify the direction of the middle fish by pressing the corresponding key.\n\n Press any key to continue.'
8.6049 	EXP 	text_instr: text = 'You will see five fish in a row, some facing left, some right.\n Your task is to identify the direction of the middle fish by pressing the corresponding key.\n\n Press any key to continue.'
8.6213 	EXP 	text_instr: text = 'You will see five fish in a row, some facing left, some right.\n Your task is to identify the direction of the middle fish by pressing the corresponding key.\n\n Press any key to continue.'
8.6381 	EXP 	text_instr: text = 'You will see five fish in a row, some facing left, some right.\n Your task is to identify the direction of the middle fish by pressing the corresponding key.\n\n Press any key to continue.'
8.6549 	EXP 	text_instr: text = 'You will see five fish in a row, some facing left, some right.\n Your task is to identify the direction of the middle fish by pressing the corresponding key.\n\n Press any key to continue.'
8.6712 	EXP 	text_instr: text = 'You will see five fish in a row, some facing left, some right.\n Your task is to identify the direction of the middle fish by pressing the corresponding key.\n\n Press any key to continue.'
8.6880 	EXP 	text_instr: text = 'You will see five fish in a row, some facing left, some right.\n Your task is to identify the direction of the middle fish by pressing the corresponding key.\n\n Press any key to continue.'
8.7047 	EXP 	text_instr: text = 'You will see five fish in a row, some facing left, some right.\n Your task is to identify the direction of the middle fish by pressing the corresponding key.\n\n Press any key to continue.'
8.7217 	EXP 	text_instr: text = 'You will see five fish in a row, some facing left, some right.\n Your task is to identify the direction of the middle fish by pressing the corresponding key.\n\n Press any key to continue.'
8.7383 	EXP 	text_instr: text = 'You will see five fish in a row, some facing left, some right.\n Your task is to identify the direction of the middle fish by pressing the corresponding key.\n\n Press any key to continue.'
8.7549 	EXP 	text_instr: text = 'You will see five fish in a row, some facing left, some right.\n Your task is to identify the direction of the middle fish by pressing the corresponding key.\n\n Press any key to continue.'
8.7715 	EXP 	text_instr: text = 'You will see five fish in a row, some facing left, some right.\n Your task is to identify the direction of the middle fish by pressing the corresponding key.\n\n Press any key to continue.'
8.7882 	EXP 	text_instr: text = 'You will see five fish in a row, some facing left, some right.\n Your task is to identify the direction of the middle fish by pressing the corresponding key.\n\n Press any key to continue.'
8.8047 	EXP 	text_instr: text = 'You will see five fish in a row, some facing left, some right.\n Your task is to identify the direction of the middle fish by pressing the corresponding key.\n\n Press any key to continue.'
8.8215 	EXP 	text_instr: text = 'You will see five fish in a row, some facing left, some right.\n Your task is to identify the direction of the middle fish by pressing the corresponding key.\n\n Press any key to continue.'
8.8382 	EXP 	text_instr: text = 'You will see five fish in a row, some facing left, some right.\n Your task is to identify the direction of the middle fish by pressing the corresponding key.\n\n Press any key to continue.'
8.8546 	EXP 	text_instr: text = 'You will see five fish in a row, some facing left, some right.\n Your task is to identify the direction of the middle fish by pressing the corresponding key.\n\n Press any key to continue.'
8.8711 	EXP 	text_instr: text = 'You will see five fish in a row, some facing left, some right.\n Your task is to identify the direction of the middle fish by pressing the corresponding key.\n\n Press any key to continue.'
8.8881 	EXP 	text_instr: text = 'You will see five fish in a row, some facing left, some right.\n Your task is to identify the direction of the middle fish by pressing the corresponding key.\n\n Press any key to continue.'
8.9047 	EXP 	text_instr: text = 'You will see five fish in a row, some facing left, some right.\n Your task is to identify the direction of the middle fish by pressing the corresponding key.\n\n Press any key to continue.'
8.9216 	EXP 	text_instr: text = 'You will see five fish in a row, some facing left, some right.\n Your task is to identify the direction of the middle fish by pressing the corresponding key.\n\n Press any key to continue.'
8.9235 	DATA 	Keypress: return
8.9384 	EXP 	text_instr: text = 'You will see five fish in a row, some facing left, some right.\n Your task is to identify the direction of the middle fish by pressing the corresponding key.\n\n Press any key to continue.'
8.9546 	EXP 	text_instr: height = 0.05
8.9546 	EXP 	text_instr: height = 0.05
8.9546 	EXP 	text_instr: height = 0.05
8.9546 	EXP 	text_instr: text = "Let's practice. \n During practice you'll see if you are correct or incorrect after responding. \n After practice we'll go again but without the correct / incorrect feedback.\n\nPress enter to begin."
10.4906 	DATA 	Keypress: return
10.4915 	EXP 	New trial (rep=0, index=0): {'image': 'images/rrlrr.png', 'correct_response': ['left', '1', 'num_1'], 'condition': 'incongruent', 'trial_id': 'stim'}
10.5054 	EXP 	trial_image: image = <PIL.PngImagePlugin.PngImageFile image mode=RGBA size=1140x206 at 0x26267001250>
11.9705 	DATA 	Keypress: right
15.2900 	EXP 	New trial (rep=0, index=1): {'image': 'images/rrlrr.png', 'correct_response': ['left', '1', 'num_1'], 'condition': 'incongruent', 'trial_id': 'stim'}
15.2933 	EXP 	trial_image: image = <PIL.PngImagePlugin.PngImageFile image mode=RGBA size=1140x206 at 0x26267001250>
16.1067 	DATA 	Keypress: right
19.1041 	EXP 	New trial (rep=0, index=2): {'image': 'images/llrll.png', 'correct_response': ['right', '2', 'num_2'], 'condition': 'incongruent', 'trial_id': 'stim'}
19.1116 	EXP 	trial_image: image = <PIL.PngImagePlugin.PngImageFile image mode=RGBA size=1140x206 at 0x26267001310>
19.2188 	DATA 	Keypress: left
21.8678 	DATA 	Keypress: right
22.0075 	EXP 	New trial (rep=0, index=3): {'image': 'images/rrrrr.png', 'correct_response': ['right', '2', 'num_2'], 'condition': 'congruent', 'trial_id': 'stim'}
22.0119 	EXP 	trial_image: image = <PIL.PngImagePlugin.PngImageFile image mode=RGBA size=1140x206 at 0x262670014C0>
22.4825 	DATA 	Keypress: right
25.1272 	EXP 	New trial (rep=0, index=4): {'image': 'images/lllll.png', 'correct_response': ['left', '1', 'num_1'], 'condition': 'congruent', 'trial_id': 'stim'}
25.1326 	EXP 	trial_image: image = <PIL.PngImagePlugin.PngImageFile image mode=RGBA size=1140x206 at 0x262670013D0>
26.6508 	DATA 	Keypress: left
29.2789 	EXP 	text_instr: height = 0.05
29.2789 	EXP 	text_instr: height = 0.05
29.2789 	EXP 	text_instr: height = 0.05
29.2789 	EXP 	text_instr: text = 'Practice over. The test begins now.\n\nPress enter to start.'
32.9388 	DATA 	Keypress: return
32.9467 	EXP 	text_instr: height = 0.05
32.9467 	EXP 	text_instr: height = 0.05
32.9467 	EXP 	text_instr: height = 0.05
32.9467 	EXP 	text_instr: text = 'block 1 of 3\n\nPress Enter to begin.'
34.8265 	DATA 	Keypress: return
34.8291 	EXP 	New trial (rep=0, index=0): {'image': 'images/rrlrr.png', 'correct_response': ['left', '1', 'num_1'], 'condition': 'incongruent', 'trial_id': 'stim'}
34.8322 	EXP 	feedback_text: height = 0.05
34.8322 	EXP 	feedback_text: height = 0.05
34.8322 	EXP 	feedback_text: height = 0.05
34.8322 	EXP 	feedback_text: height = 0.05
34.8322 	EXP 	feedback_text: height = 0.05
34.8322 	EXP 	feedback_text: height = 0.05
34.8322 	EXP 	trial_image: image = <PIL.PngImagePlugin.PngImageFile image mode=RGBA size=1140x206 at 0x26267001250>
36.6587 	DATA 	Keypress: left
39.4739 	EXP 	New trial (rep=0, index=1): {'image': 'images/rrlrr.png', 'correct_response': ['left', '1', 'num_1'], 'condition': 'incongruent', 'trial_id': 'stim'}
39.4802 	EXP 	trial_image: image = <PIL.PngImagePlugin.PngImageFile image mode=RGBA size=1140x206 at 0x26267001250>
40.3624 	DATA 	Keypress: left
42.8564 	EXP 	New trial (rep=0, index=2): {'image': 'images/rrrrr.png', 'correct_response': ['right', '2', 'num_2'], 'condition': 'congruent', 'trial_id': 'stim'}
42.8630 	EXP 	trial_image: image = <PIL.PngImagePlugin.PngImageFile image mode=RGBA size=1140x206 at 0x262670014C0>
43.7226 	DATA 	Keypress: right
46.0105 	EXP 	New trial (rep=0, index=3): {'image': 'images/rrlrr.png', 'correct_response': ['left', '1', 'num_1'], 'condition': 'incongruent', 'trial_id': 'stim'}
46.0135 	EXP 	trial_image: image = <PIL.PngImagePlugin.PngImageFile image mode=RGBA size=1140x206 at 0x26267001250>
46.8663 	DATA 	Keypress: right
49.0056 	EXP 	New trial (rep=0, index=4): {'image': 'images/rrlrr.png', 'correct_response': ['left', '1', 'num_1'], 'condition': 'incongruent', 'trial_id': 'stim'}
49.0159 	EXP 	trial_image: image = <PIL.PngImagePlugin.PngImageFile image mode=RGBA size=1140x206 at 0x26267001250>
49.9464 	DATA 	Keypress: left
52.0578 	EXP 	New trial (rep=0, index=5): {'image': 'images/lllll.png', 'correct_response': ['left', '1', 'num_1'], 'condition': 'congruent', 'trial_id': 'stim'}
52.0616 	EXP 	trial_image: image = <PIL.PngImagePlugin.PngImageFile image mode=RGBA size=1140x206 at 0x262670013D0>
53.6106 	DATA 	Keypress: left
56.1023 	EXP 	New trial (rep=0, index=6): {'image': 'images/llrll.png', 'correct_response': ['right', '2', 'num_2'], 'condition': 'incongruent', 'trial_id': 'stim'}
56.1087 	EXP 	trial_image: image = <PIL.PngImagePlugin.PngImageFile image mode=RGBA size=1140x206 at 0x26267001310>
58.1093 	DATA 	No keypress (maxWait exceeded)
58.7667 	DATA 	Keypress: right
60.2659 	EXP 	New trial (rep=0, index=7): {'image': 'images/llrll.png', 'correct_response': ['right', '2', 'num_2'], 'condition': 'incongruent', 'trial_id': 'stim'}
60.2701 	EXP 	trial_image: image = <PIL.PngImagePlugin.PngImageFile image mode=RGBA size=1140x206 at 0x26267001310>
62.2703 	DATA 	No keypress (maxWait exceeded)
63.2631 	DATA 	Keypress: right
64.5099 	EXP 	New trial (rep=0, index=8): {'image': 'images/llrll.png', 'correct_response': ['right', '2', 'num_2'], 'condition': 'incongruent', 'trial_id': 'stim'}
64.5160 	EXP 	trial_image: image = <PIL.PngImagePlugin.PngImageFile image mode=RGBA size=1140x206 at 0x26267001310>
65.5066 	DATA 	Keypress: right
68.0901 	EXP 	New trial (rep=0, index=9): {'image': 'images/rrlrr.png', 'correct_response': ['left', '1', 'num_1'], 'condition': 'incongruent', 'trial_id': 'stim'}
68.0942 	EXP 	trial_image: image = <PIL.PngImagePlugin.PngImageFile image mode=RGBA size=1140x206 at 0x26267001250>
70.0944 	DATA 	No keypress (maxWait exceeded)
73.0455 	EXP 	New trial (rep=0, index=10): {'image': 'images/llrll.png', 'correct_response': ['right', '2', 'num_2'], 'condition': 'incongruent', 'trial_id': 'stim'}
73.0500 	EXP 	trial_image: image = <PIL.PngImagePlugin.PngImageFile image mode=RGBA size=1140x206 at 0x26267001310>
73.9545 	DATA 	Keypress: left
76.9063 	EXP 	New trial (rep=0, index=11): {'image': 'images/lllll.png', 'correct_response': ['left', '1', 'num_1'], 'condition': 'congruent', 'trial_id': 'stim'}
76.9098 	EXP 	trial_image: image = <PIL.PngImagePlugin.PngImageFile image mode=RGBA size=1140x206 at 0x262670013D0>
78.9101 	DATA 	No keypress (maxWait exceeded)
81.7611 	EXP 	New trial (rep=0, index=12): {'image': 'images/llrll.png', 'correct_response': ['right', '2', 'num_2'], 'condition': 'incongruent', 'trial_id': 'stim'}
81.7668 	EXP 	trial_image: image = <PIL.PngImagePlugin.PngImageFile image mode=RGBA size=1140x206 at 0x26267001310>
83.7464 	DATA 	Keypress: right
86.2744 	EXP 	New trial (rep=0, index=13): {'image': 'images/lllll.png', 'correct_response': ['left', '1', 'num_1'], 'condition': 'congruent', 'trial_id': 'stim'}
86.2791 	EXP 	trial_image: image = <PIL.PngImagePlugin.PngImageFile image mode=RGBA size=1140x206 at 0x262670013D0>
87.6027 	DATA 	Keypress: left
90.2024 	EXP 	New trial (rep=0, index=14): {'image': 'images/llrll.png', 'correct_response': ['right', '2', 'num_2'], 'condition': 'incongruent', 'trial_id': 'stim'}
90.2054 	EXP 	trial_image: image = <PIL.PngImagePlugin.PngImageFile image mode=RGBA size=1140x206 at 0x26267001310>
92.2057 	DATA 	No keypress (maxWait exceeded)
94.6905 	EXP 	New trial (rep=0, index=15): {'image': 'images/rrrrr.png', 'correct_response': ['right', '2', 'num_2'], 'condition': 'congruent', 'trial_id': 'stim'}
94.6942 	EXP 	trial_image: image = <PIL.PngImagePlugin.PngImageFile image mode=RGBA size=1140x206 at 0x262670014C0>
96.6945 	DATA 	No keypress (maxWait exceeded)
99.5533 	EXP 	New trial (rep=0, index=16): {'image': 'images/rrrrr.png', 'correct_response': ['right', '2', 'num_2'], 'condition': 'congruent', 'trial_id': 'stim'}
99.5599 	EXP 	trial_image: image = <PIL.PngImagePlugin.PngImageFile image mode=RGBA size=1140x206 at 0x262670014C0>
101.5604 	DATA 	No keypress (maxWait exceeded)
103.6950 	EXP 	New trial (rep=0, index=17): {'image': 'images/lllll.png', 'correct_response': ['left', '1', 'num_1'], 'condition': 'congruent', 'trial_id': 'stim'}
103.7013 	EXP 	trial_image: image = <PIL.PngImagePlugin.PngImageFile image mode=RGBA size=1140x206 at 0x262670013D0>
104.3627 	DATA 	Keypress: right
106.9042 	EXP 	New trial (rep=0, index=18): {'image': 'images/llrll.png', 'correct_response': ['right', '2', 'num_2'], 'condition': 'incongruent', 'trial_id': 'stim'}
106.9082 	EXP 	trial_image: image = <PIL.PngImagePlugin.PngImageFile image mode=RGBA size=1140x206 at 0x26267001310>
108.9086 	DATA 	No keypress (maxWait exceeded)
111.7766 	EXP 	New trial (rep=0, index=19): {'image': 'images/llrll.png', 'correct_response': ['right', '2', 'num_2'], 'condition': 'incongruent', 'trial_id': 'stim'}
111.7819 	EXP 	trial_image: image = <PIL.PngImagePlugin.PngImageFile image mode=RGBA size=1140x206 at 0x26267001310>
113.7146 	DATA 	Keypress: right
116.5363 	EXP 	text_instr: height = 0.05
116.5363 	EXP 	text_instr: height = 0.05
116.5363 	EXP 	text_instr: height = 0.05
116.5363 	EXP 	text_instr: text = 'block 2 of 3\n\nPress Enter to begin.'
119.2987 	DATA 	Keypress: return
119.3019 	EXP 	New trial (rep=0, index=0): {'image': 'images/rrrrr.png', 'correct_response': ['right', '2', 'num_2'], 'condition': 'congruent', 'trial_id': 'stim'}
119.3047 	EXP 	feedback_text: height = 0.05
119.3047 	EXP 	feedback_text: height = 0.05
119.3047 	EXP 	feedback_text: height = 0.05
119.3047 	EXP 	feedback_text: height = 0.05
119.3047 	EXP 	feedback_text: height = 0.05
119.3047 	EXP 	feedback_text: height = 0.05
119.3047 	EXP 	trial_image: image = <PIL.PngImagePlugin.PngImageFile image mode=RGBA size=1140x206 at 0x262670014C0>
121.3048 	DATA 	No keypress (maxWait exceeded)
124.1220 	EXP 	New trial (rep=0, index=1): {'image': 'images/rrlrr.png', 'correct_response': ['left', '1', 'num_1'], 'condition': 'incongruent', 'trial_id': 'stim'}
124.1281 	EXP 	trial_image: image = <PIL.PngImagePlugin.PngImageFile image mode=RGBA size=1140x206 at 0x26267001250>
126.1286 	DATA 	No keypress (maxWait exceeded)
128.6208 	EXP 	New trial (rep=0, index=2): {'image': 'images/llrll.png', 'correct_response': ['right', '2', 'num_2'], 'condition': 'incongruent', 'trial_id': 'stim'}
128.6244 	EXP 	trial_image: image = <PIL.PngImagePlugin.PngImageFile image mode=RGBA size=1140x206 at 0x26267001310>
129.9787 	DATA 	Keypress: left
132.2666 	EXP 	New trial (rep=0, index=3): {'image': 'images/rrlrr.png', 'correct_response': ['left', '1', 'num_1'], 'condition': 'incongruent', 'trial_id': 'stim'}
132.2711 	EXP 	trial_image: image = <PIL.PngImagePlugin.PngImageFile image mode=RGBA size=1140x206 at 0x26267001250>
132.7385 	DATA 	Keypress: right
134.8768 	EXP 	New trial (rep=0, index=4): {'image': 'images/lllll.png', 'correct_response': ['left', '1', 'num_1'], 'condition': 'congruent', 'trial_id': 'stim'}
134.8796 	EXP 	trial_image: image = <PIL.PngImagePlugin.PngImageFile image mode=RGBA size=1140x206 at 0x262670013D0>
136.8799 	DATA 	No keypress (maxWait exceeded)
137.7611 	DATA 	Keypress: left
138.9919 	EXP 	New trial (rep=0, index=5): {'image': 'images/rrlrr.png', 'correct_response': ['left', '1', 'num_1'], 'condition': 'incongruent', 'trial_id': 'stim'}
138.9963 	EXP 	trial_image: image = <PIL.PngImagePlugin.PngImageFile image mode=RGBA size=1140x206 at 0x26267001250>
140.9965 	DATA 	No keypress (maxWait exceeded)
143.4867 	EXP 	New trial (rep=0, index=6): {'image': 'images/rrrrr.png', 'correct_response': ['right', '2', 'num_2'], 'condition': 'congruent', 'trial_id': 'stim'}
143.4908 	EXP 	trial_image: image = <PIL.PngImagePlugin.PngImageFile image mode=RGBA size=1140x206 at 0x262670014C0>
145.4912 	DATA 	No keypress (maxWait exceeded)
147.6499 	EXP 	New trial (rep=0, index=7): {'image': 'images/lllll.png', 'correct_response': ['left', '1', 'num_1'], 'condition': 'congruent', 'trial_id': 'stim'}
147.6557 	EXP 	trial_image: image = <PIL.PngImagePlugin.PngImageFile image mode=RGBA size=1140x206 at 0x262670013D0>
149.6563 	DATA 	No keypress (maxWait exceeded)
150.1463 	DATA 	Keypress: left
151.9004 	EXP 	New trial (rep=0, index=8): {'image': 'images/rrrrr.png', 'correct_response': ['right', '2', 'num_2'], 'condition': 'congruent', 'trial_id': 'stim'}
151.9063 	EXP 	trial_image: image = <PIL.PngImagePlugin.PngImageFile image mode=RGBA size=1140x206 at 0x262670014C0>
153.9068 	DATA 	No keypress (maxWait exceeded)
156.4900 	EXP 	New trial (rep=0, index=9): {'image': 'images/lllll.png', 'correct_response': ['left', '1', 'num_1'], 'condition': 'congruent', 'trial_id': 'stim'}
156.4939 	EXP 	trial_image: image = <PIL.PngImagePlugin.PngImageFile image mode=RGBA size=1140x206 at 0x262670013D0>
158.4941 	DATA 	No keypress (maxWait exceeded)
161.4462 	EXP 	New trial (rep=0, index=10): {'image': 'images/lllll.png', 'correct_response': ['left', '1', 'num_1'], 'condition': 'congruent', 'trial_id': 'stim'}
161.4504 	EXP 	trial_image: image = <PIL.PngImagePlugin.PngImageFile image mode=RGBA size=1140x206 at 0x262670013D0>
163.4508 	DATA 	No keypress (maxWait exceeded)
166.4005 	EXP 	New trial (rep=0, index=11): {'image': 'images/rrrrr.png', 'correct_response': ['right', '2', 'num_2'], 'condition': 'congruent', 'trial_id': 'stim'}
166.4067 	EXP 	trial_image: image = <PIL.PngImagePlugin.PngImageFile image mode=RGBA size=1140x206 at 0x262670014C0>
168.4073 	DATA 	No keypress (maxWait exceeded)
171.2564 	EXP 	New trial (rep=0, index=12): {'image': 'images/llrll.png', 'correct_response': ['right', '2', 'num_2'], 'condition': 'incongruent', 'trial_id': 'stim'}
171.2596 	EXP 	trial_image: image = <PIL.PngImagePlugin.PngImageFile image mode=RGBA size=1140x206 at 0x26267001310>
173.2601 	DATA 	No keypress (maxWait exceeded)
175.7860 	EXP 	New trial (rep=0, index=13): {'image': 'images/rrrrr.png', 'correct_response': ['right', '2', 'num_2'], 'condition': 'congruent', 'trial_id': 'stim'}
175.7916 	EXP 	trial_image: image = <PIL.PngImagePlugin.PngImageFile image mode=RGBA size=1140x206 at 0x262670014C0>
177.7920 	DATA 	No keypress (maxWait exceeded)
180.3935 	EXP 	New trial (rep=0, index=14): {'image': 'images/llrll.png', 'correct_response': ['right', '2', 'num_2'], 'condition': 'incongruent', 'trial_id': 'stim'}
180.3974 	EXP 	trial_image: image = <PIL.PngImagePlugin.PngImageFile image mode=RGBA size=1140x206 at 0x26267001310>
181.6986 	DATA 	Keypress: right
184.1855 	EXP 	New trial (rep=0, index=15): {'image': 'images/lllll.png', 'correct_response': ['left', '1', 'num_1'], 'condition': 'congruent', 'trial_id': 'stim'}
184.1914 	EXP 	trial_image: image = <PIL.PngImagePlugin.PngImageFile image mode=RGBA size=1140x206 at 0x262670013D0>
186.1919 	DATA 	No keypress (maxWait exceeded)
189.0507 	EXP 	New trial (rep=0, index=16): {'image': 'images/rrlrr.png', 'correct_response': ['left', '1', 'num_1'], 'condition': 'incongruent', 'trial_id': 'stim'}
189.0548 	EXP 	trial_image: image = <PIL.PngImagePlugin.PngImageFile image mode=RGBA size=1140x206 at 0x26267001250>
189.6667 	DATA 	Keypress: right
191.7994 	EXP 	New trial (rep=0, index=17): {'image': 'images/rrrrr.png', 'correct_response': ['right', '2', 'num_2'], 'condition': 'congruent', 'trial_id': 'stim'}
191.8039 	EXP 	trial_image: image = <PIL.PngImagePlugin.PngImageFile image mode=RGBA size=1140x206 at 0x262670014C0>
192.4026 	DATA 	Keypress: left
194.9416 	EXP 	New trial (rep=0, index=18): {'image': 'images/llrll.png', 'correct_response': ['right', '2', 'num_2'], 'condition': 'incongruent', 'trial_id': 'stim'}
194.9453 	EXP 	trial_image: image = <PIL.PngImagePlugin.PngImageFile image mode=RGBA size=1140x206 at 0x26267001310>
196.9455 	DATA 	No keypress (maxWait exceeded)
197.4749 	DATA 	Keypress: left
199.8131 	EXP 	New trial (rep=0, index=19): {'image': 'images/rrrrr.png', 'correct_response': ['right', '2', 'num_2'], 'condition': 'congruent', 'trial_id': 'stim'}
199.8192 	EXP 	trial_image: image = <PIL.PngImagePlugin.PngImageFile image mode=RGBA size=1140x206 at 0x262670014C0>
201.8198 	DATA 	No keypress (maxWait exceeded)
203.5624 	DATA 	Keypress: right
204.6364 	EXP 	text_instr: height = 0.05
204.6364 	EXP 	text_instr: height = 0.05
204.6364 	EXP 	text_instr: height = 0.05
204.6364 	EXP 	text_instr: text = 'block 3 of 3\n\nPress Enter to begin.'
206.9227 	DATA 	Keypress: return
206.9258 	EXP 	New trial (rep=0, index=0): {'image': 'images/rrlrr.png', 'correct_response': ['left', '1', 'num_1'], 'condition': 'incongruent', 'trial_id': 'stim'}
206.9288 	EXP 	feedback_text: height = 0.05
206.9288 	EXP 	feedback_text: height = 0.05
206.9288 	EXP 	feedback_text: height = 0.05
206.9288 	EXP 	feedback_text: height = 0.05
206.9288 	EXP 	feedback_text: height = 0.05
206.9288 	EXP 	feedback_text: height = 0.05
206.9288 	EXP 	trial_image: image = <PIL.PngImagePlugin.PngImageFile image mode=RGBA size=1140x206 at 0x26267001250>
208.7385 	DATA 	Keypress: escape
209.3731 	DATA 	Keypress: escape
209.7820 	DATA 	Keypress: escape
210.0405 	DATA 	Keypress: escape
211.0037 	DATA 	Keypress: escape
211.1712 	EXP 	window1: mouseVisible = True
211.1836 	INFO 	saved data to C:\CognitiveTasksNeda\Tasks2024-Neda\flanker-children\data/103462_KidFlanker_2025-02-26_185453.922782.psydat
211.1886 	INFO 	saved data to 'C:\\CognitiveTasksNeda\\Tasks2024-Neda\\flanker-children\\data/103462_KidFlanker_2025-02-26_185453.922782.csv'
